<?xml version="1.0" encoding="UTF-8"?>
<testsuite xmlns:xsi="http://www.w3.org/2001/XMLSchema-instance" xsi:noNamespaceSchemaLocation="https://maven.apache.org/surefire/maven-surefire-plugin/xsd/surefire-test-report.xsd" version="3.0.2" name="com.auca.library.service.UserServiceTest" time="0.044" tests="11" errors="0" skipped="0" failures="0">
  <properties>
[...]
</properties>
  <testcase name="validPersonId_returnsCorrectProvinceName" classname="com.auca.library.service.UserServiceTest" time="0.008">
    <system-out><![CDATA[Hibernate: 
    select
        l1_0.id,
        l1_0.location_code,
        l1_0.name,
        l1_0.parent_id,
        l1_0.type 
    from
        locations l1_0 
    where
        l1_0.location_code=?
Hibernate: 
    insert 
    into
        locations
        (location_code, name, parent_id, type, id) 
    values
        (?, ?, ?, ?, ?)
Hibernate: 
    select
        l1_0.id,
        l1_0.location_code,
        l1_0.name,
        l1_0.parent_id,
        l1_0.type 
    from
        locations l1_0 
    where
        l1_0.location_code=?
Hibernate: 
    select
        l1_0.id,
        l1_0.location_code,
        l1_0.name,
        p1_0.id,
        p1_0.location_code,
        p1_0.name,
        p1_0.parent_id,
        p1_0.type,
        l1_0.type 
    from
        locations l1_0 
    left join
        locations p1_0 
            on p1_0.id=l1_0.parent_id 
    where
        l1_0.id=?
Hibernate: 
    insert 
    into
        locations
        (location_code, name, parent_id, type, id) 
    values
        (?, ?, ?, ?, ?)
Hibernate: 
    select
        l1_0.id,
        l1_0.location_code,
        l1_0.name,
        l1_0.parent_id,
        l1_0.type 
    from
        locations l1_0 
    where
        l1_0.location_code=?
Hibernate: 
    select
        l1_0.id,
        l1_0.location_code,
        l1_0.name,
        p1_0.id,
        p1_0.location_code,
        p1_0.name,
        p1_0.parent_id,
        p1_0.type,
        l1_0.type 
    from
        locations l1_0 
    left join
        locations p1_0 
            on p1_0.id=l1_0.parent_id 
    where
        l1_0.id=?
Hibernate: 
    insert 
    into
        locations
        (location_code, name, parent_id, type, id) 
    values
        (?, ?, ?, ?, ?)
Hibernate: 
    select
        l1_0.id,
        l1_0.location_code,
        l1_0.name,
        l1_0.parent_id,
        l1_0.type 
    from
        locations l1_0 
    where
        l1_0.location_code=?
Hibernate: 
    select
        l1_0.id,
        l1_0.location_code,
        l1_0.name,
        p1_0.id,
        p1_0.location_code,
        p1_0.name,
        p1_0.parent_id,
        p1_0.type,
        l1_0.type 
    from
        locations l1_0 
    left join
        locations p1_0 
            on p1_0.id=l1_0.parent_id 
    where
        l1_0.id=?
Hibernate: 
    select
        l1_0.id,
        l1_0.location_code,
        l1_0.name,
        p1_0.id,
        p1_0.location_code,
        p1_0.name,
        p1_0.parent_id,
        p1_0.type,
        l1_0.type 
    from
        locations l1_0 
    left join
        locations p1_0 
            on p1_0.id=l1_0.parent_id 
    where
        l1_0.id=?
Hibernate: 
    insert 
    into
        locations
        (location_code, name, parent_id, type, id) 
    values
        (?, ?, ?, ?, ?)
Hibernate: 
    select
        l1_0.id,
        l1_0.location_code,
        l1_0.name,
        l1_0.parent_id,
        l1_0.type 
    from
        locations l1_0 
    where
        l1_0.location_code=?
Hibernate: 
    select
        l1_0.id,
        l1_0.location_code,
        l1_0.name,
        p1_0.id,
        p1_0.location_code,
        p1_0.name,
        p1_0.parent_id,
        p1_0.type,
        l1_0.type 
    from
        locations l1_0 
    left join
        locations p1_0 
            on p1_0.id=l1_0.parent_id 
    where
        l1_0.id=?
Hibernate: 
    select
        l1_0.id,
        l1_0.location_code,
        l1_0.name,
        p1_0.id,
        p1_0.location_code,
        p1_0.name,
        p1_0.parent_id,
        p1_0.type,
        l1_0.type 
    from
        locations l1_0 
    left join
        locations p1_0 
            on p1_0.id=l1_0.parent_id 
    where
        l1_0.id=?
Hibernate: 
    insert 
    into
        locations
        (location_code, name, parent_id, type, id) 
    values
        (?, ?, ?, ?, ?)
Hibernate: 
    insert 
    into
        users
        (active_borrows_count, first_name, last_name, membership_approved, membership_type, password, username, village_id, id) 
    values
        (?, ?, ?, ?, ?, ?, ?, ?, ?)
Hibernate: 
    select
        u1_0.id,
        u1_0.active_borrows_count,
        u1_0.first_name,
        u1_0.last_name,
        u1_0.membership_approved,
        u1_0.membership_type,
        u1_0.password,
        u1_0.username,
        v1_0.id,
        v1_0.location_code,
        v1_0.name,
        p1_0.id,
        p1_0.location_code,
        p1_0.name,
        p1_0.parent_id,
        p1_0.type,
        v1_0.type 
    from
        users u1_0 
    left join
        locations v1_0 
            on v1_0.id=u1_0.village_id 
    left join
        locations p1_0 
            on p1_0.id=v1_0.parent_id 
    where
        u1_0.id=?
Hibernate: 
    select
        l1_0.id,
        l1_0.location_code,
        l1_0.name,
        p1_0.id,
        p1_0.location_code,
        p1_0.name,
        p1_0.parent_id,
        p1_0.type,
        l1_0.type 
    from
        locations l1_0 
    left join
        locations p1_0 
            on p1_0.id=l1_0.parent_id 
    where
        l1_0.id=?
Hibernate: 
    select
        l1_0.id,
        l1_0.location_code,
        l1_0.name,
        p1_0.id,
        p1_0.location_code,
        p1_0.name,
        p1_0.parent_id,
        p1_0.type,
        l1_0.type 
    from
        locations l1_0 
    left join
        locations p1_0 
            on p1_0.id=l1_0.parent_id 
    where
        l1_0.id=?
]]></system-out>
  </testcase>
  <testcase name="authenticate_unknownUsername_returnsFalse" classname="com.auca.library.service.UserServiceTest" time="0.002">
    <system-out><![CDATA[Hibernate: 
    select
        u1_0.id,
        u1_0.active_borrows_count,
        u1_0.first_name,
        u1_0.last_name,
        u1_0.membership_approved,
        u1_0.membership_type,
        u1_0.password,
        u1_0.username,
        u1_0.village_id 
    from
        users u1_0 
    where
        u1_0.username=?
]]></system-out>
  </testcase>
  <testcase name="authenticate_wrongPassword_returnsFalse" classname="com.auca.library.service.UserServiceTest" time="0.003">
    <system-out><![CDATA[Hibernate: 
    insert 
    into
        users
        (active_borrows_count, first_name, last_name, membership_approved, membership_type, password, username, village_id, id) 
    values
        (?, ?, ?, ?, ?, ?, ?, ?, ?)
Hibernate: 
    select
        u1_0.id,
        u1_0.active_borrows_count,
        u1_0.first_name,
        u1_0.last_name,
        u1_0.membership_approved,
        u1_0.membership_type,
        u1_0.password,
        u1_0.username,
        u1_0.village_id 
    from
        users u1_0 
    where
        u1_0.username=?
]]></system-out>
  </testcase>
  <testcase name="striverMember_withTwoActiveBorrows_isBlocked" classname="com.auca.library.service.UserServiceTest" time="0.004">
    <system-out><![CDATA[Hibernate: 
    insert 
    into
        users
        (active_borrows_count, first_name, last_name, membership_approved, membership_type, password, username, village_id, id) 
    values
        (?, ?, ?, ?, ?, ?, ?, ?, ?)
Hibernate: 
    select
        u1_0.id,
        u1_0.active_borrows_count,
        u1_0.first_name,
        u1_0.last_name,
        u1_0.membership_approved,
        u1_0.membership_type,
        u1_0.password,
        u1_0.username,
        v1_0.id,
        v1_0.location_code,
        v1_0.name,
        p1_0.id,
        p1_0.location_code,
        p1_0.name,
        p1_0.parent_id,
        p1_0.type,
        v1_0.type 
    from
        users u1_0 
    left join
        locations v1_0 
            on v1_0.id=u1_0.village_id 
    left join
        locations p1_0 
            on p1_0.id=v1_0.parent_id 
    where
        u1_0.id=?
Hibernate: 
    select
        u1_0.id,
        u1_0.active_borrows_count,
        u1_0.first_name,
        u1_0.last_name,
        u1_0.membership_approved,
        u1_0.membership_type,
        u1_0.password,
        u1_0.username,
        v1_0.id,
        v1_0.location_code,
        v1_0.name,
        p1_0.id,
        p1_0.location_code,
        p1_0.name,
        p1_0.parent_id,
        p1_0.type,
        v1_0.type 
    from
        users u1_0 
    left join
        locations v1_0 
            on v1_0.id=u1_0.village_id 
    left join
        locations p1_0 
            on p1_0.id=v1_0.parent_id 
    where
        u1_0.id=?
Hibernate: 
    update
        users 
    set
        active_borrows_count=?,
        first_name=?,
        last_name=?,
        membership_approved=?,
        membership_type=?,
        password=?,
        username=?,
        village_id=? 
    where
        id=?
Hibernate: 
    select
        u1_0.id,
        u1_0.active_borrows_count,
        u1_0.first_name,
        u1_0.last_name,
        u1_0.membership_approved,
        u1_0.membership_type,
        u1_0.password,
        u1_0.username,
        v1_0.id,
        v1_0.location_code,
        v1_0.name,
        p1_0.id,
        p1_0.location_code,
        p1_0.name,
        p1_0.parent_id,
        p1_0.type,
        v1_0.type 
    from
        users u1_0 
    left join
        locations v1_0 
            on v1_0.id=u1_0.village_id 
    left join
        locations p1_0 
            on p1_0.id=v1_0.parent_id 
    where
        u1_0.id=?
Hibernate: 
    select
        u1_0.id,
        u1_0.active_borrows_count,
        u1_0.first_name,
        u1_0.last_name,
        u1_0.membership_approved,
        u1_0.membership_type,
        u1_0.password,
        u1_0.username,
        v1_0.id,
        v1_0.location_code,
        v1_0.name,
        p1_0.id,
        p1_0.location_code,
        p1_0.name,
        p1_0.parent_id,
        p1_0.type,
        v1_0.type 
    from
        users u1_0 
    left join
        locations v1_0 
            on v1_0.id=u1_0.village_id 
    left join
        locations p1_0 
            on p1_0.id=v1_0.parent_id 
    where
        u1_0.id=?
Hibernate: 
    update
        users 
    set
        active_borrows_count=?,
        first_name=?,
        last_name=?,
        membership_approved=?,
        membership_type=?,
        password=?,
        username=?,
        village_id=? 
    where
        id=?
Hibernate: 
    select
        u1_0.id,
        u1_0.active_borrows_count,
        u1_0.first_name,
        u1_0.last_name,
        u1_0.membership_approved,
        u1_0.membership_type,
        u1_0.password,
        u1_0.username,
        v1_0.id,
        v1_0.location_code,
        v1_0.name,
        p1_0.id,
        p1_0.location_code,
        p1_0.name,
        p1_0.parent_id,
        p1_0.type,
        v1_0.type 
    from
        users u1_0 
    left join
        locations v1_0 
            on v1_0.id=u1_0.village_id 
    left join
        locations p1_0 
            on p1_0.id=v1_0.parent_id 
    where
        u1_0.id=?
Hibernate: 
    update
        users 
    set
        active_borrows_count=?,
        first_name=?,
        last_name=?,
        membership_approved=?,
        membership_type=?,
        password=?,
        username=?,
        village_id=? 
    where
        id=?
Hibernate: 
    select
        u1_0.id,
        u1_0.active_borrows_count,
        u1_0.first_name,
        u1_0.last_name,
        u1_0.membership_approved,
        u1_0.membership_type,
        u1_0.password,
        u1_0.username,
        v1_0.id,
        v1_0.location_code,
        v1_0.name,
        p1_0.id,
        p1_0.location_code,
        p1_0.name,
        p1_0.parent_id,
        p1_0.type,
        v1_0.type 
    from
        users u1_0 
    left join
        locations v1_0 
            on v1_0.id=u1_0.village_id 
    left join
        locations p1_0 
            on p1_0.id=v1_0.parent_id 
    where
        u1_0.id=?
]]></system-out>
  </testcase>
  <testcase name="goldMember_withFiveActiveBorrows_cannotBorrowASixth" classname="com.auca.library.service.UserServiceTest" time="0.005">
    <system-out><![CDATA[Hibernate: 
    insert 
    into
        users
        (active_borrows_count, first_name, last_name, membership_approved, membership_type, password, username, village_id, id) 
    values
        (?, ?, ?, ?, ?, ?, ?, ?, ?)
Hibernate: 
    select
        u1_0.id,
        u1_0.active_borrows_count,
        u1_0.first_name,
        u1_0.last_name,
        u1_0.membership_approved,
        u1_0.membership_type,
        u1_0.password,
        u1_0.username,
        v1_0.id,
        v1_0.location_code,
        v1_0.name,
        p1_0.id,
        p1_0.location_code,
        p1_0.name,
        p1_0.parent_id,
        p1_0.type,
        v1_0.type 
    from
        users u1_0 
    left join
        locations v1_0 
            on v1_0.id=u1_0.village_id 
    left join
        locations p1_0 
            on p1_0.id=v1_0.parent_id 
    where
        u1_0.id=?
Hibernate: 
    select
        u1_0.id,
        u1_0.active_borrows_count,
        u1_0.first_name,
        u1_0.last_name,
        u1_0.membership_approved,
        u1_0.membership_type,
        u1_0.password,
        u1_0.username,
        v1_0.id,
        v1_0.location_code,
        v1_0.name,
        p1_0.id,
        p1_0.location_code,
        p1_0.name,
        p1_0.parent_id,
        p1_0.type,
        v1_0.type 
    from
        users u1_0 
    left join
        locations v1_0 
            on v1_0.id=u1_0.village_id 
    left join
        locations p1_0 
            on p1_0.id=v1_0.parent_id 
    where
        u1_0.id=?
Hibernate: 
    update
        users 
    set
        active_borrows_count=?,
        first_name=?,
        last_name=?,
        membership_approved=?,
        membership_type=?,
        password=?,
        username=?,
        village_id=? 
    where
        id=?
Hibernate: 
    select
        u1_0.id,
        u1_0.active_borrows_count,
        u1_0.first_name,
        u1_0.last_name,
        u1_0.membership_approved,
        u1_0.membership_type,
        u1_0.password,
        u1_0.username,
        v1_0.id,
        v1_0.location_code,
        v1_0.name,
        p1_0.id,
        p1_0.location_code,
        p1_0.name,
        p1_0.parent_id,
        p1_0.type,
        v1_0.type 
    from
        users u1_0 
    left join
        locations v1_0 
            on v1_0.id=u1_0.village_id 
    left join
        locations p1_0 
            on p1_0.id=v1_0.parent_id 
    where
        u1_0.id=?
Hibernate: 
    select
        u1_0.id,
        u1_0.active_borrows_count,
        u1_0.first_name,
        u1_0.last_name,
        u1_0.membership_approved,
        u1_0.membership_type,
        u1_0.password,
        u1_0.username,
        v1_0.id,
        v1_0.location_code,
        v1_0.name,
        p1_0.id,
        p1_0.location_code,
        p1_0.name,
        p1_0.parent_id,
        p1_0.type,
        v1_0.type 
    from
        users u1_0 
    left join
        locations v1_0 
            on v1_0.id=u1_0.village_id 
    left join
        locations p1_0 
            on p1_0.id=v1_0.parent_id 
    where
        u1_0.id=?
Hibernate: 
    update
        users 
    set
        active_borrows_count=?,
        first_name=?,
        last_name=?,
        membership_approved=?,
        membership_type=?,
        password=?,
        username=?,
        village_id=? 
    where
        id=?
Hibernate: 
    select
        u1_0.id,
        u1_0.active_borrows_count,
        u1_0.first_name,
        u1_0.last_name,
        u1_0.membership_approved,
        u1_0.membership_type,
        u1_0.password,
        u1_0.username,
        v1_0.id,
        v1_0.location_code,
        v1_0.name,
        p1_0.id,
        p1_0.location_code,
        p1_0.name,
        p1_0.parent_id,
        p1_0.type,
        v1_0.type 
    from
        users u1_0 
    left join
        locations v1_0 
            on v1_0.id=u1_0.village_id 
    left join
        locations p1_0 
            on p1_0.id=v1_0.parent_id 
    where
        u1_0.id=?
Hibernate: 
    update
        users 
    set
        active_borrows_count=?,
        first_name=?,
        last_name=?,
        membership_approved=?,
        membership_type=?,
        password=?,
        username=?,
        village_id=? 
    where
        id=?
Hibernate: 
    select
        u1_0.id,
        u1_0.active_borrows_count,
        u1_0.first_name,
        u1_0.last_name,
        u1_0.membership_approved,
        u1_0.membership_type,
        u1_0.password,
        u1_0.username,
        v1_0.id,
        v1_0.location_code,
        v1_0.name,
        p1_0.id,
        p1_0.location_code,
        p1_0.name,
        p1_0.parent_id,
        p1_0.type,
        v1_0.type 
    from
        users u1_0 
    left join
        locations v1_0 
            on v1_0.id=u1_0.village_id 
    left join
        locations p1_0 
            on p1_0.id=v1_0.parent_id 
    where
        u1_0.id=?
]]></system-out>
  </testcase>
  <testcase name="registerMembership_gold_createsPendingMembershipLinkedToGoldType" classname="com.auca.library.service.UserServiceTest" time="0.003">
    <system-out><![CDATA[Hibernate: 
    insert 
    into
        users
        (active_borrows_count, first_name, last_name, membership_approved, membership_type, password, username, village_id, id) 
    values
        (?, ?, ?, ?, ?, ?, ?, ?, ?)
Hibernate: 
    select
        u1_0.id,
        u1_0.active_borrows_count,
        u1_0.first_name,
        u1_0.last_name,
        u1_0.membership_approved,
        u1_0.membership_type,
        u1_0.password,
        u1_0.username,
        v1_0.id,
        v1_0.location_code,
        v1_0.name,
        p1_0.id,
        p1_0.location_code,
        p1_0.name,
        p1_0.parent_id,
        p1_0.type,
        v1_0.type 
    from
        users u1_0 
    left join
        locations v1_0 
            on v1_0.id=u1_0.village_id 
    left join
        locations p1_0 
            on p1_0.id=v1_0.parent_id 
    where
        u1_0.id=?
Hibernate: 
    select
        u1_0.id,
        u1_0.active_borrows_count,
        u1_0.first_name,
        u1_0.last_name,
        u1_0.membership_approved,
        u1_0.membership_type,
        u1_0.password,
        u1_0.username,
        v1_0.id,
        v1_0.location_code,
        v1_0.name,
        p1_0.id,
        p1_0.location_code,
        p1_0.name,
        p1_0.parent_id,
        p1_0.type,
        v1_0.type 
    from
        users u1_0 
    left join
        locations v1_0 
            on v1_0.id=u1_0.village_id 
    left join
        locations p1_0 
            on p1_0.id=v1_0.parent_id 
    where
        u1_0.id=?
Hibernate: 
    update
        users 
    set
        active_borrows_count=?,
        first_name=?,
        last_name=?,
        membership_approved=?,
        membership_type=?,
        password=?,
        username=?,
        village_id=? 
    where
        id=?
]]></system-out>
  </testcase>
  <testcase name="authenticate_correctCredentials_returnsTrue" classname="com.auca.library.service.UserServiceTest" time="0.002">
    <system-out><![CDATA[Hibernate: 
    insert 
    into
        users
        (active_borrows_count, first_name, last_name, membership_approved, membership_type, password, username, village_id, id) 
    values
        (?, ?, ?, ?, ?, ?, ?, ?, ?)
Hibernate: 
    select
        u1_0.id,
        u1_0.active_borrows_count,
        u1_0.first_name,
        u1_0.last_name,
        u1_0.membership_approved,
        u1_0.membership_type,
        u1_0.password,
        u1_0.username,
        u1_0.village_id 
    from
        users u1_0 
    where
        u1_0.username=?
]]></system-out>
  </testcase>
  <testcase name="authenticate_nullOrBlankInput_returnsFalse" classname="com.auca.library.service.UserServiceTest" time="0.0"/>
  <testcase name="registerMembership_userAlreadyHasActiveMembership_throwsException" classname="com.auca.library.service.UserServiceTest" time="0.002">
    <system-out><![CDATA[Hibernate: 
    insert 
    into
        users
        (active_borrows_count, first_name, last_name, membership_approved, membership_type, password, username, village_id, id) 
    values
        (?, ?, ?, ?, ?, ?, ?, ?, ?)
Hibernate: 
    select
        u1_0.id,
        u1_0.active_borrows_count,
        u1_0.first_name,
        u1_0.last_name,
        u1_0.membership_approved,
        u1_0.membership_type,
        u1_0.password,
        u1_0.username,
        v1_0.id,
        v1_0.location_code,
        v1_0.name,
        p1_0.id,
        p1_0.location_code,
        p1_0.name,
        p1_0.parent_id,
        p1_0.type,
        v1_0.type 
    from
        users u1_0 
    left join
        locations v1_0 
            on v1_0.id=u1_0.village_id 
    left join
        locations p1_0 
            on p1_0.id=v1_0.parent_id 
    where
        u1_0.id=?
Hibernate: 
    select
        u1_0.id,
        u1_0.active_borrows_count,
        u1_0.first_name,
        u1_0.last_name,
        u1_0.membership_approved,
        u1_0.membership_type,
        u1_0.password,
        u1_0.username,
        v1_0.id,
        v1_0.location_code,
        v1_0.name,
        p1_0.id,
        p1_0.location_code,
        p1_0.name,
        p1_0.parent_id,
        p1_0.type,
        v1_0.type 
    from
        users u1_0 
    left join
        locations v1_0 
            on v1_0.id=u1_0.village_id 
    left join
        locations p1_0 
            on p1_0.id=v1_0.parent_id 
    where
        u1_0.id=?
Hibernate: 
    update
        users 
    set
        active_borrows_count=?,
        first_name=?,
        last_name=?,
        membership_approved=?,
        membership_type=?,
        password=?,
        username=?,
        village_id=? 
    where
        id=?
Hibernate: 
    select
        u1_0.id,
        u1_0.active_borrows_count,
        u1_0.first_name,
        u1_0.last_name,
        u1_0.membership_approved,
        u1_0.membership_type,
        u1_0.password,
        u1_0.username,
        v1_0.id,
        v1_0.location_code,
        v1_0.name,
        p1_0.id,
        p1_0.location_code,
        p1_0.name,
        p1_0.parent_id,
        p1_0.type,
        v1_0.type 
    from
        users u1_0 
    left join
        locations v1_0 
            on v1_0.id=u1_0.village_id 
    left join
        locations p1_0 
            on p1_0.id=v1_0.parent_id 
    where
        u1_0.id=?
Hibernate: 
    select
        u1_0.id,
        u1_0.active_borrows_count,
        u1_0.first_name,
        u1_0.last_name,
        u1_0.membership_approved,
        u1_0.membership_type,
        u1_0.password,
        u1_0.username,
        v1_0.id,
        v1_0.location_code,
        v1_0.name,
        p1_0.id,
        p1_0.location_code,
        p1_0.name,
        p1_0.parent_id,
        p1_0.type,
        v1_0.type 
    from
        users u1_0 
    left join
        locations v1_0 
            on v1_0.id=u1_0.village_id 
    left join
        locations p1_0 
            on p1_0.id=v1_0.parent_id 
    where
        u1_0.id=?
Hibernate: 
    update
        users 
    set
        active_borrows_count=?,
        first_name=?,
        last_name=?,
        membership_approved=?,
        membership_type=?,
        password=?,
        username=?,
        village_id=? 
    where
        id=?
Hibernate: 
    select
        u1_0.id,
        u1_0.active_borrows_count,
        u1_0.first_name,
        u1_0.last_name,
        u1_0.membership_approved,
        u1_0.membership_type,
        u1_0.password,
        u1_0.username,
        v1_0.id,
        v1_0.location_code,
        v1_0.name,
        p1_0.id,
        p1_0.location_code,
        p1_0.name,
        p1_0.parent_id,
        p1_0.type,
        v1_0.type 
    from
        users u1_0 
    left join
        locations v1_0 
            on v1_0.id=u1_0.village_id 
    left join
        locations p1_0 
            on p1_0.id=v1_0.parent_id 
    where
        u1_0.id=?
]]></system-out>
  </testcase>
  <testcase name="goldMember_withFourActiveBorrows_canBorrowAFifth" classname="com.auca.library.service.UserServiceTest" time="0.004">
    <system-out><![CDATA[Hibernate: 
    insert 
    into
        users
        (active_borrows_count, first_name, last_name, membership_approved, membership_type, password, username, village_id, id) 
    values
        (?, ?, ?, ?, ?, ?, ?, ?, ?)
Hibernate: 
    select
        u1_0.id,
        u1_0.active_borrows_count,
        u1_0.first_name,
        u1_0.last_name,
        u1_0.membership_approved,
        u1_0.membership_type,
        u1_0.password,
        u1_0.username,
        v1_0.id,
        v1_0.location_code,
        v1_0.name,
        p1_0.id,
        p1_0.location_code,
        p1_0.name,
        p1_0.parent_id,
        p1_0.type,
        v1_0.type 
    from
        users u1_0 
    left join
        locations v1_0 
            on v1_0.id=u1_0.village_id 
    left join
        locations p1_0 
            on p1_0.id=v1_0.parent_id 
    where
        u1_0.id=?
Hibernate: 
    select
        u1_0.id,
        u1_0.active_borrows_count,
        u1_0.first_name,
        u1_0.last_name,
        u1_0.membership_approved,
        u1_0.membership_type,
        u1_0.password,
        u1_0.username,
        v1_0.id,
        v1_0.location_code,
        v1_0.name,
        p1_0.id,
        p1_0.location_code,
        p1_0.name,
        p1_0.parent_id,
        p1_0.type,
        v1_0.type 
    from
        users u1_0 
    left join
        locations v1_0 
            on v1_0.id=u1_0.village_id 
    left join
        locations p1_0 
            on p1_0.id=v1_0.parent_id 
    where
        u1_0.id=?
Hibernate: 
    update
        users 
    set
        active_borrows_count=?,
        first_name=?,
        last_name=?,
        membership_approved=?,
        membership_type=?,
        password=?,
        username=?,
        village_id=? 
    where
        id=?
Hibernate: 
    select
        u1_0.id,
        u1_0.active_borrows_count,
        u1_0.first_name,
        u1_0.last_name,
        u1_0.membership_approved,
        u1_0.membership_type,
        u1_0.password,
        u1_0.username,
        v1_0.id,
        v1_0.location_code,
        v1_0.name,
        p1_0.id,
        p1_0.location_code,
        p1_0.name,
        p1_0.parent_id,
        p1_0.type,
        v1_0.type 
    from
        users u1_0 
    left join
        locations v1_0 
            on v1_0.id=u1_0.village_id 
    left join
        locations p1_0 
            on p1_0.id=v1_0.parent_id 
    where
        u1_0.id=?
Hibernate: 
    select
        u1_0.id,
        u1_0.active_borrows_count,
        u1_0.first_name,
        u1_0.last_name,
        u1_0.membership_approved,
        u1_0.membership_type,
        u1_0.password,
        u1_0.username,
        v1_0.id,
        v1_0.location_code,
        v1_0.name,
        p1_0.id,
        p1_0.location_code,
        p1_0.name,
        p1_0.parent_id,
        p1_0.type,
        v1_0.type 
    from
        users u1_0 
    left join
        locations v1_0 
            on v1_0.id=u1_0.village_id 
    left join
        locations p1_0 
            on p1_0.id=v1_0.parent_id 
    where
        u1_0.id=?
Hibernate: 
    update
        users 
    set
        active_borrows_count=?,
        first_name=?,
        last_name=?,
        membership_approved=?,
        membership_type=?,
        password=?,
        username=?,
        village_id=? 
    where
        id=?
Hibernate: 
    select
        u1_0.id,
        u1_0.active_borrows_count,
        u1_0.first_name,
        u1_0.last_name,
        u1_0.membership_approved,
        u1_0.membership_type,
        u1_0.password,
        u1_0.username,
        v1_0.id,
        v1_0.location_code,
        v1_0.name,
        p1_0.id,
        p1_0.location_code,
        p1_0.name,
        p1_0.parent_id,
        p1_0.type,
        v1_0.type 
    from
        users u1_0 
    left join
        locations v1_0 
            on v1_0.id=u1_0.village_id 
    left join
        locations p1_0 
            on p1_0.id=v1_0.parent_id 
    where
        u1_0.id=?
Hibernate: 
    update
        users 
    set
        active_borrows_count=?,
        first_name=?,
        last_name=?,
        membership_approved=?,
        membership_type=?,
        password=?,
        username=?,
        village_id=? 
    where
        id=?
Hibernate: 
    select
        u1_0.id,
        u1_0.active_borrows_count,
        u1_0.first_name,
        u1_0.last_name,
        u1_0.membership_approved,
        u1_0.membership_type,
        u1_0.password,
        u1_0.username,
        v1_0.id,
        v1_0.location_code,
        v1_0.name,
        p1_0.id,
        p1_0.location_code,
        p1_0.name,
        p1_0.parent_id,
        p1_0.type,
        v1_0.type 
    from
        users u1_0 
    left join
        locations v1_0 
            on v1_0.id=u1_0.village_id 
    left join
        locations p1_0 
            on p1_0.id=v1_0.parent_id 
    where
        u1_0.id=?
]]></system-out>
  </testcase>
  <testcase name="silverMember_withThreeActiveBorrows_isBlocked" classname="com.auca.library.service.UserServiceTest" time="0.002">
    <system-out><![CDATA[Hibernate: 
    insert 
    into
        users
        (active_borrows_count, first_name, last_name, membership_approved, membership_type, password, username, village_id, id) 
    values
        (?, ?, ?, ?, ?, ?, ?, ?, ?)
Hibernate: 
    select
        u1_0.id,
        u1_0.active_borrows_count,
        u1_0.first_name,
        u1_0.last_name,
        u1_0.membership_approved,
        u1_0.membership_type,
        u1_0.password,
        u1_0.username,
        v1_0.id,
        v1_0.location_code,
        v1_0.name,
        p1_0.id,
        p1_0.location_code,
        p1_0.name,
        p1_0.parent_id,
        p1_0.type,
        v1_0.type 
    from
        users u1_0 
    left join
        locations v1_0 
            on v1_0.id=u1_0.village_id 
    left join
        locations p1_0 
            on p1_0.id=v1_0.parent_id 
    where
        u1_0.id=?
Hibernate: 
    select
        u1_0.id,
        u1_0.active_borrows_count,
        u1_0.first_name,
        u1_0.last_name,
        u1_0.membership_approved,
        u1_0.membership_type,
        u1_0.password,
        u1_0.username,
        v1_0.id,
        v1_0.location_code,
        v1_0.name,
        p1_0.id,
        p1_0.location_code,
        p1_0.name,
        p1_0.parent_id,
        p1_0.type,
        v1_0.type 
    from
        users u1_0 
    left join
        locations v1_0 
            on v1_0.id=u1_0.village_id 
    left join
        locations p1_0 
            on p1_0.id=v1_0.parent_id 
    where
        u1_0.id=?
Hibernate: 
    update
        users 
    set
        active_borrows_count=?,
        first_name=?,
        last_name=?,
        membership_approved=?,
        membership_type=?,
        password=?,
        username=?,
        village_id=? 
    where
        id=?
Hibernate: 
    select
        u1_0.id,
        u1_0.active_borrows_count,
        u1_0.first_name,
        u1_0.last_name,
        u1_0.membership_approved,
        u1_0.membership_type,
        u1_0.password,
        u1_0.username,
        v1_0.id,
        v1_0.location_code,
        v1_0.name,
        p1_0.id,
        p1_0.location_code,
        p1_0.name,
        p1_0.parent_id,
        p1_0.type,
        v1_0.type 
    from
        users u1_0 
    left join
        locations v1_0 
            on v1_0.id=u1_0.village_id 
    left join
        locations p1_0 
            on p1_0.id=v1_0.parent_id 
    where
        u1_0.id=?
Hibernate: 
    select
        u1_0.id,
        u1_0.active_borrows_count,
        u1_0.first_name,
        u1_0.last_name,
        u1_0.membership_approved,
        u1_0.membership_type,
        u1_0.password,
        u1_0.username,
        v1_0.id,
        v1_0.location_code,
        v1_0.name,
        p1_0.id,
        p1_0.location_code,
        p1_0.name,
        p1_0.parent_id,
        p1_0.type,
        v1_0.type 
    from
        users u1_0 
    left join
        locations v1_0 
            on v1_0.id=u1_0.village_id 
    left join
        locations p1_0 
            on p1_0.id=v1_0.parent_id 
    where
        u1_0.id=?
Hibernate: 
    update
        users 
    set
        active_borrows_count=?,
        first_name=?,
        last_name=?,
        membership_approved=?,
        membership_type=?,
        password=?,
        username=?,
        village_id=? 
    where
        id=?
Hibernate: 
    select
        u1_0.id,
        u1_0.active_borrows_count,
        u1_0.first_name,
        u1_0.last_name,
        u1_0.membership_approved,
        u1_0.membership_type,
        u1_0.password,
        u1_0.username,
        v1_0.id,
        v1_0.location_code,
        v1_0.name,
        p1_0.id,
        p1_0.location_code,
        p1_0.name,
        p1_0.parent_id,
        p1_0.type,
        v1_0.type 
    from
        users u1_0 
    left join
        locations v1_0 
            on v1_0.id=u1_0.village_id 
    left join
        locations p1_0 
            on p1_0.id=v1_0.parent_id 
    where
        u1_0.id=?
Hibernate: 
    update
        users 
    set
        active_borrows_count=?,
        first_name=?,
        last_name=?,
        membership_approved=?,
        membership_type=?,
        password=?,
        username=?,
        village_id=? 
    where
        id=?
Hibernate: 
    select
        u1_0.id,
        u1_0.active_borrows_count,
        u1_0.first_name,
        u1_0.last_name,
        u1_0.membership_approved,
        u1_0.membership_type,
        u1_0.password,
        u1_0.username,
        v1_0.id,
        v1_0.location_code,
        v1_0.name,
        p1_0.id,
        p1_0.location_code,
        p1_0.name,
        p1_0.parent_id,
        p1_0.type,
        v1_0.type 
    from
        users u1_0 
    left join
        locations v1_0 
            on v1_0.id=u1_0.village_id 
    left join
        locations p1_0 
            on p1_0.id=v1_0.parent_id 
    where
        u1_0.id=?
]]></system-out>
  </testcase>
</testsuite>