<?xml version="1.0" encoding="UTF-8"?>
<testsuite xmlns:xsi="http://www.w3.org/2001/XMLSchema-instance" xsi:noNamespaceSchemaLocation="https://maven.apache.org/surefire/maven-surefire-plugin/xsd/surefire-test-report.xsd" version="3.0.2" name="com.auca.library.service.BookServiceTest" time="3.248" tests="9" errors="0" skipped="0" failures="0">
  <properties>
[...]
</properties>
  <testcase name="createRoom_validRoom_savesSuccessfully" classname="com.auca.library.service.BookServiceTest" time="2.876">
    <system-out><![CDATA[Hibernate: 
    alter table if exists books 
       drop constraint if exists FK7tke469ud4q2m1d0h5pr6ti15
Hibernate: 
    alter table if exists borrow_records 
       drop constraint if exists FK9ep13xg9kn8vo3w0ntvd08tco
Hibernate: 
    alter table if exists borrow_records 
       drop constraint if exists FKe5k0iaamaypstfhuluoa40yom
Hibernate: 
    alter table if exists fees 
       drop constraint if exists FK1hgmx7di1uwv4oj88g180jo2i
Hibernate: 
    alter table if exists locations 
       drop constraint if exists FKhjdkpuoptx1cd04r3atchkpi0
Hibernate: 
    alter table if exists rooms 
       drop constraint if exists FKn44nnd0bt5f0gwkdtw5ub1esg
Hibernate: 
    alter table if exists shelves 
       drop constraint if exists FKjoh5xbdjihst5dkhs3xpull0o
Hibernate: 
    alter table if exists users 
       drop constraint if exists FKawe7knf4bm3bj9o0jjbjhguum
Hibernate: 
    drop table if exists books cascade
Hibernate: 
    drop table if exists borrow_records cascade
Hibernate: 
    drop table if exists fees cascade
Hibernate: 
    drop table if exists locations cascade
Hibernate: 
    drop table if exists rooms cascade
Hibernate: 
    drop table if exists shelves cascade
Hibernate: 
    drop table if exists users cascade
Hibernate: 
    create table books (
        id uuid not null,
        shelf_id uuid,
        category varchar(255) not null check (category in ('FICTION','SCIENCE','HISTORY','TECHNOLOGY','ART')),
        isbn varchar(255) not null unique,
        title varchar(255) not null,
        primary key (id)
    )
Hibernate: 
    create table borrow_records (
        borrow_date date not null,
        due_date date not null,
        return_date date,
        book_id uuid not null,
        id uuid not null,
        user_id uuid not null,
        primary key (id)
    )
Hibernate: 
    create table fees (
        amount float(53) not null,
        paid boolean not null,
        id uuid not null,
        user_id uuid not null,
        primary key (id)
    )
Hibernate: 
    create table locations (
        id uuid not null,
        parent_id uuid,
        location_code varchar(255) not null,
        name varchar(255) not null,
        type varchar(255) not null check (type in ('PROVINCE','DISTRICT','SECTOR','CELL','VILLAGE')),
        primary key (id),
        unique (location_code)
    )
Hibernate: 
    create table rooms (
        id uuid not null,
        location_id uuid not null,
        room_code varchar(255) not null unique,
        primary key (id)
    )
Hibernate: 
    create table shelves (
        id uuid not null,
        room_id uuid not null,
        category varchar(255) not null check (category in ('FICTION','SCIENCE','HISTORY','TECHNOLOGY','ART')),
        shelf_code varchar(255) not null unique,
        primary key (id)
    )
Hibernate: 
    create table users (
        active_borrows_count integer,
        membership_approved boolean,
        id uuid not null,
        village_id uuid,
        first_name varchar(255) not null,
        last_name varchar(255) not null,
        membership_type varchar(255) check (membership_type in ('GOLD','SILVER','STRIVER')),
        password varchar(255) not null,
        username varchar(255) not null,
        primary key (id),
        unique (username)
    )
Hibernate: 
    alter table if exists books 
       add constraint FK7tke469ud4q2m1d0h5pr6ti15 
       foreign key (shelf_id) 
       references shelves
Hibernate: 
    alter table if exists borrow_records 
       add constraint FK9ep13xg9kn8vo3w0ntvd08tco 
       foreign key (book_id) 
       references books
Hibernate: 
    alter table if exists borrow_records 
       add constraint FKe5k0iaamaypstfhuluoa40yom 
       foreign key (user_id) 
       references users
Hibernate: 
    alter table if exists fees 
       add constraint FK1hgmx7di1uwv4oj88g180jo2i 
       foreign key (user_id) 
       references users
Hibernate: 
    alter table if exists locations 
       add constraint FKhjdkpuoptx1cd04r3atchkpi0 
       foreign key (parent_id) 
       references locations
Hibernate: 
    alter table if exists rooms 
       add constraint FKn44nnd0bt5f0gwkdtw5ub1esg 
       foreign key (location_id) 
       references locations
Hibernate: 
    alter table if exists shelves 
       add constraint FKjoh5xbdjihst5dkhs3xpull0o 
       foreign key (room_id) 
       references rooms
Hibernate: 
    alter table if exists users 
       add constraint FKawe7knf4bm3bj9o0jjbjhguum 
       foreign key (village_id) 
       references locations
Hibernate: 
    select
        l1_0.id,
        l1_0.location_code,
        l1_0.name,
        l1_0.parent_id,
        l1_0.type 
    from
        locations l1_0 
    where
        l1_0.location_code=?
Hibernate: 
    insert 
    into
        locations
        (location_code, name, parent_id, type, id) 
    values
        (?, ?, ?, ?, ?)
Hibernate: 
    insert 
    into
        rooms
        (location_id, room_code, id) 
    values
        (?, ?, ?)
]]></system-out>
    <system-err><![CDATA[Aug 09, 2026 2:53:16 AM org.hibernate.Version logVersion
INFO: HHH000412: Hibernate ORM core version 6.5.2.Final
Aug 09, 2026 2:53:17 AM org.hibernate.cache.internal.RegionFactoryInitiator initiateService
INFO: HHH000026: Second-level cache disabled
Aug 09, 2026 2:53:17 AM org.hibernate.engine.jdbc.connections.internal.ConnectionProviderInitiator initiateService
INFO: HHH000130: Instantiating explicit connection provider: org.hibernate.hikaricp.internal.HikariCPConnectionProvider
SLF4J: Failed to load class "org.slf4j.impl.StaticLoggerBinder".
SLF4J: Defaulting to no-operation (NOP) logger implementation
SLF4J: See http://www.slf4j.org/codes.html#StaticLoggerBinder for further details.
Aug 09, 2026 2:53:17 AM org.hibernate.engine.jdbc.dialect.internal.DialectFactoryImpl constructDialect
WARN: HHH90000025: PostgreSQLDialect does not need to be specified explicitly using 'hibernate.dialect' (remove the property setting and it will be selected by default)
]]></system-err>
  </testcase>
  <testcase name="multipleRooms_returnsRoomWithLowestBookCount" classname="com.auca.library.service.BookServiceTest" time="0.171">
    <system-out><![CDATA[Hibernate: 
    select
        l1_0.id,
        l1_0.location_code,
        l1_0.name,
        l1_0.parent_id,
        l1_0.type 
    from
        locations l1_0 
    where
        l1_0.location_code=?
Hibernate: 
    insert 
    into
        locations
        (location_code, name, parent_id, type, id) 
    values
        (?, ?, ?, ?, ?)
Hibernate: 
    insert 
    into
        rooms
        (location_id, room_code, id) 
    values
        (?, ?, ?)
Hibernate: 
    insert 
    into
        shelves
        (category, room_id, shelf_code, id) 
    values
        (?, ?, ?, ?)
Hibernate: 
    insert 
    into
        books
        (category, isbn, shelf_id, title, id) 
    values
        (?, ?, ?, ?, ?)
Hibernate: 
    select
        b1_0.id,
        b1_0.category,
        b1_0.isbn,
        s1_0.id,
        s1_0.category,
        s1_0.room_id,
        r1_0.id,
        r1_0.location_id,
        l1_0.id,
        l1_0.location_code,
        l1_0.name,
        p1_0.id,
        p1_0.location_code,
        p1_0.name,
        p1_0.parent_id,
        p1_0.type,
        l1_0.type,
        r1_0.room_code,
        s1_0.shelf_code,
        b1_0.title 
    from
        books b1_0 
    left join
        shelves s1_0 
            on s1_0.id=b1_0.shelf_id 
    left join
        rooms r1_0 
            on r1_0.id=s1_0.room_id 
    left join
        locations l1_0 
            on l1_0.id=r1_0.location_id 
    left join
        locations p1_0 
            on p1_0.id=l1_0.parent_id 
    where
        b1_0.id=?
Hibernate: 
    select
        s1_0.id,
        s1_0.category,
        s1_0.room_id,
        r1_0.id,
        r1_0.location_id,
        l1_0.id,
        l1_0.location_code,
        l1_0.name,
        p1_0.id,
        p1_0.location_code,
        p1_0.name,
        p1_0.parent_id,
        p1_0.type,
        l1_0.type,
        r1_0.room_code,
        s1_0.shelf_code 
    from
        shelves s1_0 
    join
        rooms r1_0 
            on r1_0.id=s1_0.room_id 
    left join
        locations l1_0 
            on l1_0.id=r1_0.location_id 
    left join
        locations p1_0 
            on p1_0.id=l1_0.parent_id 
    where
        s1_0.id=?
Hibernate: 
    select
        b1_0.id,
        b1_0.category,
        b1_0.isbn,
        s1_0.id,
        s1_0.category,
        s1_0.room_id,
        r1_0.id,
        r1_0.location_id,
        l1_0.id,
        l1_0.location_code,
        l1_0.name,
        p1_0.id,
        p1_0.location_code,
        p1_0.name,
        p1_0.parent_id,
        p1_0.type,
        l1_0.type,
        r1_0.room_code,
        s1_0.shelf_code,
        b1_0.title 
    from
        books b1_0 
    left join
        shelves s1_0 
            on s1_0.id=b1_0.shelf_id 
    left join
        rooms r1_0 
            on r1_0.id=s1_0.room_id 
    left join
        locations l1_0 
            on l1_0.id=r1_0.location_id 
    left join
        locations p1_0 
            on p1_0.id=l1_0.parent_id 
    where
        b1_0.id=?
Hibernate: 
    select
        s1_0.id,
        s1_0.category,
        s1_0.room_id,
        r1_0.id,
        r1_0.location_id,
        l1_0.id,
        l1_0.location_code,
        l1_0.name,
        p1_0.id,
        p1_0.location_code,
        p1_0.name,
        p1_0.parent_id,
        p1_0.type,
        l1_0.type,
        r1_0.room_code,
        s1_0.shelf_code 
    from
        shelves s1_0 
    join
        rooms r1_0 
            on r1_0.id=s1_0.room_id 
    left join
        locations l1_0 
            on l1_0.id=r1_0.location_id 
    left join
        locations p1_0 
            on p1_0.id=l1_0.parent_id 
    where
        s1_0.id=?
Hibernate: 
    update
        books 
    set
        category=?,
        isbn=?,
        shelf_id=?,
        title=? 
    where
        id=?
Hibernate: 
    insert 
    into
        rooms
        (location_id, room_code, id) 
    values
        (?, ?, ?)
Hibernate: 
    select
        r1_0.id,
        r1_0.location_id,
        r1_0.room_code 
    from
        rooms r1_0
Hibernate: 
    select
        l1_0.id,
        l1_0.location_code,
        l1_0.name,
        p1_0.id,
        p1_0.location_code,
        p1_0.name,
        p1_0.parent_id,
        p1_0.type,
        l1_0.type 
    from
        locations l1_0 
    left join
        locations p1_0 
            on p1_0.id=l1_0.parent_id 
    where
        l1_0.id=?
Hibernate: 
    select
        l1_0.id,
        l1_0.location_code,
        l1_0.name,
        p1_0.id,
        p1_0.location_code,
        p1_0.name,
        p1_0.parent_id,
        p1_0.type,
        l1_0.type 
    from
        locations l1_0 
    left join
        locations p1_0 
            on p1_0.id=l1_0.parent_id 
    where
        l1_0.id=?
Hibernate: 
    select
        count(b1_0.id) 
    from
        books b1_0 
    join
        shelves s1_0 
            on s1_0.id=b1_0.shelf_id 
    where
        s1_0.room_id=?
Hibernate: 
    select
        count(b1_0.id) 
    from
        books b1_0 
    join
        shelves s1_0 
            on s1_0.id=b1_0.shelf_id 
    where
        s1_0.room_id=?
Hibernate: 
    select
        count(b1_0.id) 
    from
        books b1_0 
    join
        shelves s1_0 
            on s1_0.id=b1_0.shelf_id 
    where
        s1_0.room_id=?
Hibernate: 
    select
        count(b1_0.id) 
    from
        books b1_0 
    join
        shelves s1_0 
            on s1_0.id=b1_0.shelf_id 
    where
        s1_0.room_id=?
Hibernate: 
    select
        count(b1_0.id) 
    from
        books b1_0 
    join
        shelves s1_0 
            on s1_0.id=b1_0.shelf_id 
    where
        s1_0.room_id=?
]]></system-out>
  </testcase>
  <testcase name="createBook_validBook_savesSuccessfully" classname="com.auca.library.service.BookServiceTest" time="0.015">
    <system-out><![CDATA[Hibernate: 
    insert 
    into
        books
        (category, isbn, shelf_id, title, id) 
    values
        (?, ?, ?, ?, ?)
]]></system-out>
  </testcase>
  <testcase name="roomWithMultipleShelves_sumsBookCountsAcrossShelves" classname="com.auca.library.service.BookServiceTest" time="0.059">
    <system-out><![CDATA[Hibernate: 
    select
        l1_0.id,
        l1_0.location_code,
        l1_0.name,
        l1_0.parent_id,
        l1_0.type 
    from
        locations l1_0 
    where
        l1_0.location_code=?
Hibernate: 
    insert 
    into
        locations
        (location_code, name, parent_id, type, id) 
    values
        (?, ?, ?, ?, ?)
Hibernate: 
    insert 
    into
        rooms
        (location_id, room_code, id) 
    values
        (?, ?, ?)
Hibernate: 
    insert 
    into
        shelves
        (category, room_id, shelf_code, id) 
    values
        (?, ?, ?, ?)
Hibernate: 
    insert 
    into
        shelves
        (category, room_id, shelf_code, id) 
    values
        (?, ?, ?, ?)
Hibernate: 
    insert 
    into
        books
        (category, isbn, shelf_id, title, id) 
    values
        (?, ?, ?, ?, ?)
Hibernate: 
    insert 
    into
        books
        (category, isbn, shelf_id, title, id) 
    values
        (?, ?, ?, ?, ?)
Hibernate: 
    insert 
    into
        books
        (category, isbn, shelf_id, title, id) 
    values
        (?, ?, ?, ?, ?)
Hibernate: 
    select
        b1_0.id,
        b1_0.category,
        b1_0.isbn,
        s1_0.id,
        s1_0.category,
        s1_0.room_id,
        r1_0.id,
        r1_0.location_id,
        l1_0.id,
        l1_0.location_code,
        l1_0.name,
        p1_0.id,
        p1_0.location_code,
        p1_0.name,
        p1_0.parent_id,
        p1_0.type,
        l1_0.type,
        r1_0.room_code,
        s1_0.shelf_code,
        b1_0.title 
    from
        books b1_0 
    left join
        shelves s1_0 
            on s1_0.id=b1_0.shelf_id 
    left join
        rooms r1_0 
            on r1_0.id=s1_0.room_id 
    left join
        locations l1_0 
            on l1_0.id=r1_0.location_id 
    left join
        locations p1_0 
            on p1_0.id=l1_0.parent_id 
    where
        b1_0.id=?
Hibernate: 
    select
        s1_0.id,
        s1_0.category,
        s1_0.room_id,
        r1_0.id,
        r1_0.location_id,
        l1_0.id,
        l1_0.location_code,
        l1_0.name,
        p1_0.id,
        p1_0.location_code,
        p1_0.name,
        p1_0.parent_id,
        p1_0.type,
        l1_0.type,
        r1_0.room_code,
        s1_0.shelf_code 
    from
        shelves s1_0 
    join
        rooms r1_0 
            on r1_0.id=s1_0.room_id 
    left join
        locations l1_0 
            on l1_0.id=r1_0.location_id 
    left join
        locations p1_0 
            on p1_0.id=l1_0.parent_id 
    where
        s1_0.id=?
Hibernate: 
    select
        b1_0.id,
        b1_0.category,
        b1_0.isbn,
        s1_0.id,
        s1_0.category,
        s1_0.room_id,
        r1_0.id,
        r1_0.location_id,
        l1_0.id,
        l1_0.location_code,
        l1_0.name,
        p1_0.id,
        p1_0.location_code,
        p1_0.name,
        p1_0.parent_id,
        p1_0.type,
        l1_0.type,
        r1_0.room_code,
        s1_0.shelf_code,
        b1_0.title 
    from
        books b1_0 
    left join
        shelves s1_0 
            on s1_0.id=b1_0.shelf_id 
    left join
        rooms r1_0 
            on r1_0.id=s1_0.room_id 
    left join
        locations l1_0 
            on l1_0.id=r1_0.location_id 
    left join
        locations p1_0 
            on p1_0.id=l1_0.parent_id 
    where
        b1_0.id=?
Hibernate: 
    select
        s1_0.id,
        s1_0.category,
        s1_0.room_id,
        r1_0.id,
        r1_0.location_id,
        l1_0.id,
        l1_0.location_code,
        l1_0.name,
        p1_0.id,
        p1_0.location_code,
        p1_0.name,
        p1_0.parent_id,
        p1_0.type,
        l1_0.type,
        r1_0.room_code,
        s1_0.shelf_code 
    from
        shelves s1_0 
    join
        rooms r1_0 
            on r1_0.id=s1_0.room_id 
    left join
        locations l1_0 
            on l1_0.id=r1_0.location_id 
    left join
        locations p1_0 
            on p1_0.id=l1_0.parent_id 
    where
        s1_0.id=?
Hibernate: 
    update
        books 
    set
        category=?,
        isbn=?,
        shelf_id=?,
        title=? 
    where
        id=?
Hibernate: 
    select
        b1_0.id,
        b1_0.category,
        b1_0.isbn,
        s1_0.id,
        s1_0.category,
        s1_0.room_id,
        r1_0.id,
        r1_0.location_id,
        l1_0.id,
        l1_0.location_code,
        l1_0.name,
        p1_0.id,
        p1_0.location_code,
        p1_0.name,
        p1_0.parent_id,
        p1_0.type,
        l1_0.type,
        r1_0.room_code,
        s1_0.shelf_code,
        b1_0.title 
    from
        books b1_0 
    left join
        shelves s1_0 
            on s1_0.id=b1_0.shelf_id 
    left join
        rooms r1_0 
            on r1_0.id=s1_0.room_id 
    left join
        locations l1_0 
            on l1_0.id=r1_0.location_id 
    left join
        locations p1_0 
            on p1_0.id=l1_0.parent_id 
    where
        b1_0.id=?
Hibernate: 
    select
        s1_0.id,
        s1_0.category,
        s1_0.room_id,
        r1_0.id,
        r1_0.location_id,
        l1_0.id,
        l1_0.location_code,
        l1_0.name,
        p1_0.id,
        p1_0.location_code,
        p1_0.name,
        p1_0.parent_id,
        p1_0.type,
        l1_0.type,
        r1_0.room_code,
        s1_0.shelf_code 
    from
        shelves s1_0 
    join
        rooms r1_0 
            on r1_0.id=s1_0.room_id 
    left join
        locations l1_0 
            on l1_0.id=r1_0.location_id 
    left join
        locations p1_0 
            on p1_0.id=l1_0.parent_id 
    where
        s1_0.id=?
Hibernate: 
    select
        b1_0.id,
        b1_0.category,
        b1_0.isbn,
        s1_0.id,
        s1_0.category,
        s1_0.room_id,
        r1_0.id,
        r1_0.location_id,
        l1_0.id,
        l1_0.location_code,
        l1_0.name,
        p1_0.id,
        p1_0.location_code,
        p1_0.name,
        p1_0.parent_id,
        p1_0.type,
        l1_0.type,
        r1_0.room_code,
        s1_0.shelf_code,
        b1_0.title 
    from
        books b1_0 
    left join
        shelves s1_0 
            on s1_0.id=b1_0.shelf_id 
    left join
        rooms r1_0 
            on r1_0.id=s1_0.room_id 
    left join
        locations l1_0 
            on l1_0.id=r1_0.location_id 
    left join
        locations p1_0 
            on p1_0.id=l1_0.parent_id 
    where
        b1_0.id=?
Hibernate: 
    select
        s1_0.id,
        s1_0.category,
        s1_0.room_id,
        r1_0.id,
        r1_0.location_id,
        l1_0.id,
        l1_0.location_code,
        l1_0.name,
        p1_0.id,
        p1_0.location_code,
        p1_0.name,
        p1_0.parent_id,
        p1_0.type,
        l1_0.type,
        r1_0.room_code,
        s1_0.shelf_code 
    from
        shelves s1_0 
    join
        rooms r1_0 
            on r1_0.id=s1_0.room_id 
    left join
        locations l1_0 
            on l1_0.id=r1_0.location_id 
    left join
        locations p1_0 
            on p1_0.id=l1_0.parent_id 
    where
        s1_0.id=?
Hibernate: 
    update
        books 
    set
        category=?,
        isbn=?,
        shelf_id=?,
        title=? 
    where
        id=?
Hibernate: 
    select
        b1_0.id,
        b1_0.category,
        b1_0.isbn,
        s1_0.id,
        s1_0.category,
        s1_0.room_id,
        r1_0.id,
        r1_0.location_id,
        l1_0.id,
        l1_0.location_code,
        l1_0.name,
        p1_0.id,
        p1_0.location_code,
        p1_0.name,
        p1_0.parent_id,
        p1_0.type,
        l1_0.type,
        r1_0.room_code,
        s1_0.shelf_code,
        b1_0.title 
    from
        books b1_0 
    left join
        shelves s1_0 
            on s1_0.id=b1_0.shelf_id 
    left join
        rooms r1_0 
            on r1_0.id=s1_0.room_id 
    left join
        locations l1_0 
            on l1_0.id=r1_0.location_id 
    left join
        locations p1_0 
            on p1_0.id=l1_0.parent_id 
    where
        b1_0.id=?
Hibernate: 
    select
        s1_0.id,
        s1_0.category,
        s1_0.room_id,
        r1_0.id,
        r1_0.location_id,
        l1_0.id,
        l1_0.location_code,
        l1_0.name,
        p1_0.id,
        p1_0.location_code,
        p1_0.name,
        p1_0.parent_id,
        p1_0.type,
        l1_0.type,
        r1_0.room_code,
        s1_0.shelf_code 
    from
        shelves s1_0 
    join
        rooms r1_0 
            on r1_0.id=s1_0.room_id 
    left join
        locations l1_0 
            on l1_0.id=r1_0.location_id 
    left join
        locations p1_0 
            on p1_0.id=l1_0.parent_id 
    where
        s1_0.id=?
Hibernate: 
    select
        b1_0.id,
        b1_0.category,
        b1_0.isbn,
        s1_0.id,
        s1_0.category,
        s1_0.room_id,
        r1_0.id,
        r1_0.location_id,
        l1_0.id,
        l1_0.location_code,
        l1_0.name,
        p1_0.id,
        p1_0.location_code,
        p1_0.name,
        p1_0.parent_id,
        p1_0.type,
        l1_0.type,
        r1_0.room_code,
        s1_0.shelf_code,
        b1_0.title 
    from
        books b1_0 
    left join
        shelves s1_0 
            on s1_0.id=b1_0.shelf_id 
    left join
        rooms r1_0 
            on r1_0.id=s1_0.room_id 
    left join
        locations l1_0 
            on l1_0.id=r1_0.location_id 
    left join
        locations p1_0 
            on p1_0.id=l1_0.parent_id 
    where
        b1_0.id=?
Hibernate: 
    select
        s1_0.id,
        s1_0.category,
        s1_0.room_id,
        r1_0.id,
        r1_0.location_id,
        l1_0.id,
        l1_0.location_code,
        l1_0.name,
        p1_0.id,
        p1_0.location_code,
        p1_0.name,
        p1_0.parent_id,
        p1_0.type,
        l1_0.type,
        r1_0.room_code,
        s1_0.shelf_code 
    from
        shelves s1_0 
    join
        rooms r1_0 
            on r1_0.id=s1_0.room_id 
    left join
        locations l1_0 
            on l1_0.id=r1_0.location_id 
    left join
        locations p1_0 
            on p1_0.id=l1_0.parent_id 
    where
        s1_0.id=?
Hibernate: 
    update
        books 
    set
        category=?,
        isbn=?,
        shelf_id=?,
        title=? 
    where
        id=?
Hibernate: 
    select
        count(b1_0.id) 
    from
        books b1_0 
    join
        shelves s1_0 
            on s1_0.id=b1_0.shelf_id 
    where
        s1_0.room_id=?
]]></system-out>
  </testcase>
  <testcase name="assignBookToShelf_validCategory_succeeds" classname="com.auca.library.service.BookServiceTest" time="0.022">
    <system-out><![CDATA[Hibernate: 
    select
        l1_0.id,
        l1_0.location_code,
        l1_0.name,
        l1_0.parent_id,
        l1_0.type 
    from
        locations l1_0 
    where
        l1_0.location_code=?
Hibernate: 
    insert 
    into
        locations
        (location_code, name, parent_id, type, id) 
    values
        (?, ?, ?, ?, ?)
Hibernate: 
    insert 
    into
        rooms
        (location_id, room_code, id) 
    values
        (?, ?, ?)
Hibernate: 
    insert 
    into
        shelves
        (category, room_id, shelf_code, id) 
    values
        (?, ?, ?, ?)
Hibernate: 
    insert 
    into
        books
        (category, isbn, shelf_id, title, id) 
    values
        (?, ?, ?, ?, ?)
Hibernate: 
    select
        b1_0.id,
        b1_0.category,
        b1_0.isbn,
        s1_0.id,
        s1_0.category,
        s1_0.room_id,
        r1_0.id,
        r1_0.location_id,
        l1_0.id,
        l1_0.location_code,
        l1_0.name,
        p1_0.id,
        p1_0.location_code,
        p1_0.name,
        p1_0.parent_id,
        p1_0.type,
        l1_0.type,
        r1_0.room_code,
        s1_0.shelf_code,
        b1_0.title 
    from
        books b1_0 
    left join
        shelves s1_0 
            on s1_0.id=b1_0.shelf_id 
    left join
        rooms r1_0 
            on r1_0.id=s1_0.room_id 
    left join
        locations l1_0 
            on l1_0.id=r1_0.location_id 
    left join
        locations p1_0 
            on p1_0.id=l1_0.parent_id 
    where
        b1_0.id=?
Hibernate: 
    select
        s1_0.id,
        s1_0.category,
        s1_0.room_id,
        r1_0.id,
        r1_0.location_id,
        l1_0.id,
        l1_0.location_code,
        l1_0.name,
        p1_0.id,
        p1_0.location_code,
        p1_0.name,
        p1_0.parent_id,
        p1_0.type,
        l1_0.type,
        r1_0.room_code,
        s1_0.shelf_code 
    from
        shelves s1_0 
    join
        rooms r1_0 
            on r1_0.id=s1_0.room_id 
    left join
        locations l1_0 
            on l1_0.id=r1_0.location_id 
    left join
        locations p1_0 
            on p1_0.id=l1_0.parent_id 
    where
        s1_0.id=?
Hibernate: 
    select
        b1_0.id,
        b1_0.category,
        b1_0.isbn,
        s1_0.id,
        s1_0.category,
        s1_0.room_id,
        r1_0.id,
        r1_0.location_id,
        l1_0.id,
        l1_0.location_code,
        l1_0.name,
        p1_0.id,
        p1_0.location_code,
        p1_0.name,
        p1_0.parent_id,
        p1_0.type,
        l1_0.type,
        r1_0.room_code,
        s1_0.shelf_code,
        b1_0.title 
    from
        books b1_0 
    left join
        shelves s1_0 
            on s1_0.id=b1_0.shelf_id 
    left join
        rooms r1_0 
            on r1_0.id=s1_0.room_id 
    left join
        locations l1_0 
            on l1_0.id=r1_0.location_id 
    left join
        locations p1_0 
            on p1_0.id=l1_0.parent_id 
    where
        b1_0.id=?
Hibernate: 
    select
        s1_0.id,
        s1_0.category,
        s1_0.room_id,
        r1_0.id,
        r1_0.location_id,
        l1_0.id,
        l1_0.location_code,
        l1_0.name,
        p1_0.id,
        p1_0.location_code,
        p1_0.name,
        p1_0.parent_id,
        p1_0.type,
        l1_0.type,
        r1_0.room_code,
        s1_0.shelf_code 
    from
        shelves s1_0 
    join
        rooms r1_0 
            on r1_0.id=s1_0.room_id 
    left join
        locations l1_0 
            on l1_0.id=r1_0.location_id 
    left join
        locations p1_0 
            on p1_0.id=l1_0.parent_id 
    where
        s1_0.id=?
Hibernate: 
    update
        books 
    set
        category=?,
        isbn=?,
        shelf_id=?,
        title=? 
    where
        id=?
Hibernate: 
    select
        b1_0.id,
        b1_0.category,
        b1_0.isbn,
        s1_0.id,
        s1_0.category,
        s1_0.room_id,
        r1_0.id,
        r1_0.location_id,
        l1_0.id,
        l1_0.location_code,
        l1_0.name,
        p1_0.id,
        p1_0.location_code,
        p1_0.name,
        p1_0.parent_id,
        p1_0.type,
        l1_0.type,
        r1_0.room_code,
        s1_0.shelf_code,
        b1_0.title 
    from
        books b1_0 
    left join
        shelves s1_0 
            on s1_0.id=b1_0.shelf_id 
    left join
        rooms r1_0 
            on r1_0.id=s1_0.room_id 
    left join
        locations l1_0 
            on l1_0.id=r1_0.location_id 
    left join
        locations p1_0 
            on p1_0.id=l1_0.parent_id 
    where
        b1_0.id=?
]]></system-out>
  </testcase>
  <testcase name="assignShelfToRoom_updatesShelfRoomId" classname="com.auca.library.service.BookServiceTest" time="0.01">
    <system-out><![CDATA[Hibernate: 
    select
        l1_0.id,
        l1_0.location_code,
        l1_0.name,
        l1_0.parent_id,
        l1_0.type 
    from
        locations l1_0 
    where
        l1_0.location_code=?
Hibernate: 
    insert 
    into
        locations
        (location_code, name, parent_id, type, id) 
    values
        (?, ?, ?, ?, ?)
Hibernate: 
    insert 
    into
        rooms
        (location_id, room_code, id) 
    values
        (?, ?, ?)
Hibernate: 
    insert 
    into
        rooms
        (location_id, room_code, id) 
    values
        (?, ?, ?)
Hibernate: 
    insert 
    into
        shelves
        (category, room_id, shelf_code, id) 
    values
        (?, ?, ?, ?)
Hibernate: 
    select
        s1_0.id,
        s1_0.category,
        s1_0.room_id,
        r1_0.id,
        r1_0.location_id,
        l1_0.id,
        l1_0.location_code,
        l1_0.name,
        p1_0.id,
        p1_0.location_code,
        p1_0.name,
        p1_0.parent_id,
        p1_0.type,
        l1_0.type,
        r1_0.room_code,
        s1_0.shelf_code 
    from
        shelves s1_0 
    join
        rooms r1_0 
            on r1_0.id=s1_0.room_id 
    left join
        locations l1_0 
            on l1_0.id=r1_0.location_id 
    left join
        locations p1_0 
            on p1_0.id=l1_0.parent_id 
    where
        s1_0.id=?
Hibernate: 
    select
        r1_0.id,
        r1_0.location_id,
        l1_0.id,
        l1_0.location_code,
        l1_0.name,
        p1_0.id,
        p1_0.location_code,
        p1_0.name,
        p1_0.parent_id,
        p1_0.type,
        l1_0.type,
        r1_0.room_code 
    from
        rooms r1_0 
    join
        locations l1_0 
            on l1_0.id=r1_0.location_id 
    left join
        locations p1_0 
            on p1_0.id=l1_0.parent_id 
    where
        r1_0.id=?
Hibernate: 
    update
        shelves 
    set
        category=?,
        room_id=?,
        shelf_code=? 
    where
        id=?
Hibernate: 
    select
        s1_0.id,
        s1_0.category,
        s1_0.room_id,
        r1_0.id,
        r1_0.location_id,
        l1_0.id,
        l1_0.location_code,
        l1_0.name,
        p1_0.id,
        p1_0.location_code,
        p1_0.name,
        p1_0.parent_id,
        p1_0.type,
        l1_0.type,
        r1_0.room_code,
        s1_0.shelf_code 
    from
        shelves s1_0 
    join
        rooms r1_0 
            on r1_0.id=s1_0.room_id 
    left join
        locations l1_0 
            on l1_0.id=r1_0.location_id 
    left join
        locations p1_0 
            on p1_0.id=l1_0.parent_id 
    where
        s1_0.id=?
]]></system-out>
  </testcase>
  <testcase name="roomWithNoShelves_returnsZero" classname="com.auca.library.service.BookServiceTest" time="0.005">
    <system-out><![CDATA[Hibernate: 
    select
        l1_0.id,
        l1_0.location_code,
        l1_0.name,
        l1_0.parent_id,
        l1_0.type 
    from
        locations l1_0 
    where
        l1_0.location_code=?
Hibernate: 
    insert 
    into
        locations
        (location_code, name, parent_id, type, id) 
    values
        (?, ?, ?, ?, ?)
Hibernate: 
    insert 
    into
        rooms
        (location_id, room_code, id) 
    values
        (?, ?, ?)
Hibernate: 
    select
        count(b1_0.id) 
    from
        books b1_0 
    join
        shelves s1_0 
            on s1_0.id=b1_0.shelf_id 
    where
        s1_0.room_id=?
]]></system-out>
  </testcase>
  <testcase name="createShelf_validShelf_savesSuccessfully" classname="com.auca.library.service.BookServiceTest" time="0.008">
    <system-out><![CDATA[Hibernate: 
    select
        l1_0.id,
        l1_0.location_code,
        l1_0.name,
        l1_0.parent_id,
        l1_0.type 
    from
        locations l1_0 
    where
        l1_0.location_code=?
Hibernate: 
    insert 
    into
        locations
        (location_code, name, parent_id, type, id) 
    values
        (?, ?, ?, ?, ?)
Hibernate: 
    insert 
    into
        rooms
        (location_id, room_code, id) 
    values
        (?, ?, ?)
Hibernate: 
    insert 
    into
        shelves
        (category, room_id, shelf_code, id) 
    values
        (?, ?, ?, ?)
]]></system-out>
  </testcase>
  <testcase name="assignBookToShelf_mismatchedCategory_throwsException" classname="com.auca.library.service.BookServiceTest" time="0.014">
    <system-out><![CDATA[Hibernate: 
    select
        l1_0.id,
        l1_0.location_code,
        l1_0.name,
        l1_0.parent_id,
        l1_0.type 
    from
        locations l1_0 
    where
        l1_0.location_code=?
Hibernate: 
    insert 
    into
        locations
        (location_code, name, parent_id, type, id) 
    values
        (?, ?, ?, ?, ?)
Hibernate: 
    insert 
    into
        rooms
        (location_id, room_code, id) 
    values
        (?, ?, ?)
Hibernate: 
    insert 
    into
        shelves
        (category, room_id, shelf_code, id) 
    values
        (?, ?, ?, ?)
Hibernate: 
    insert 
    into
        books
        (category, isbn, shelf_id, title, id) 
    values
        (?, ?, ?, ?, ?)
Hibernate: 
    select
        b1_0.id,
        b1_0.category,
        b1_0.isbn,
        s1_0.id,
        s1_0.category,
        s1_0.room_id,
        r1_0.id,
        r1_0.location_id,
        l1_0.id,
        l1_0.location_code,
        l1_0.name,
        p1_0.id,
        p1_0.location_code,
        p1_0.name,
        p1_0.parent_id,
        p1_0.type,
        l1_0.type,
        r1_0.room_code,
        s1_0.shelf_code,
        b1_0.title 
    from
        books b1_0 
    left join
        shelves s1_0 
            on s1_0.id=b1_0.shelf_id 
    left join
        rooms r1_0 
            on r1_0.id=s1_0.room_id 
    left join
        locations l1_0 
            on l1_0.id=r1_0.location_id 
    left join
        locations p1_0 
            on p1_0.id=l1_0.parent_id 
    where
        b1_0.id=?
Hibernate: 
    select
        s1_0.id,
        s1_0.category,
        s1_0.room_id,
        r1_0.id,
        r1_0.location_id,
        l1_0.id,
        l1_0.location_code,
        l1_0.name,
        p1_0.id,
        p1_0.location_code,
        p1_0.name,
        p1_0.parent_id,
        p1_0.type,
        l1_0.type,
        r1_0.room_code,
        s1_0.shelf_code 
    from
        shelves s1_0 
    join
        rooms r1_0 
            on r1_0.id=s1_0.room_id 
    left join
        locations l1_0 
            on l1_0.id=r1_0.location_id 
    left join
        locations p1_0 
            on p1_0.id=l1_0.parent_id 
    where
        s1_0.id=?
]]></system-out>
  </testcase>
</testsuite>