<?xml version="1.0" encoding="UTF-8"?>
<testsuite xmlns:xsi="http://www.w3.org/2001/XMLSchema-instance" xsi:noNamespaceSchemaLocation="https://maven.apache.org/surefire/maven-surefire-plugin/xsd/surefire-test-report.xsd" version="3.0.2" name="com.auca.library.service.LocationServiceTest" time="2.771" tests="5" errors="0" skipped="0" failures="0">
  <properties>
[...]
</properties>
  <testcase name="createDistrict_withMissingParent_throwsException" classname="com.auca.library.service.LocationServiceTest" time="2.583">
    <system-out><![CDATA[Hibernate: 
    alter table if exists locations 
       drop constraint if exists FKhjdkpuoptx1cd04r3atchkpi0
Hibernate: 
    alter table if exists users 
       drop constraint if exists FKawe7knf4bm3bj9o0jjbjhguum
Hibernate: 
    drop table if exists locations cascade
Hibernate: 
    drop table if exists users cascade
Hibernate: 
    create table locations (
        id uuid not null,
        parent_id uuid,
        location_code varchar(255) not null,
        name varchar(255) not null,
        type varchar(255) not null check (type in ('PROVINCE','DISTRICT','SECTOR','CELL','VILLAGE')),
        primary key (id),
        unique (location_code)
    )
Hibernate: 
    create table users (
        active_borrows_count integer,
        membership_approved boolean,
        id uuid not null,
        village_id uuid,
        first_name varchar(255) not null,
        last_name varchar(255) not null,
        membership_type varchar(255) check (membership_type in ('GOLD','SILVER','STRIVER')),
        password varchar(255) not null,
        username varchar(255) not null,
        primary key (id),
        unique (username)
    )
Hibernate: 
    alter table if exists locations 
       add constraint FKhjdkpuoptx1cd04r3atchkpi0 
       foreign key (parent_id) 
       references locations
Hibernate: 
    alter table if exists users 
       add constraint FKawe7knf4bm3bj9o0jjbjhguum 
       foreign key (village_id) 
       references locations
Hibernate: 
    select
        l1_0.id,
        l1_0.location_code,
        l1_0.name,
        l1_0.parent_id,
        l1_0.type 
    from
        locations l1_0 
    where
        l1_0.location_code=?
Hibernate: 
    select
        l1_0.id,
        l1_0.location_code,
        l1_0.name,
        p1_0.id,
        p1_0.location_code,
        p1_0.name,
        p1_0.parent_id,
        p1_0.type,
        l1_0.type 
    from
        locations l1_0 
    left join
        locations p1_0 
            on p1_0.id=l1_0.parent_id 
    where
        l1_0.id=?
]]></system-out>
    <system-err><![CDATA[Aug 06, 2026 8:52:10 PM org.hibernate.Version logVersion
INFO: HHH000412: Hibernate ORM core version 6.5.2.Final
Aug 06, 2026 8:52:11 PM org.hibernate.cache.internal.RegionFactoryInitiator initiateService
INFO: HHH000026: Second-level cache disabled
Aug 06, 2026 8:52:11 PM org.hibernate.engine.jdbc.connections.internal.DriverManagerConnectionProviderImpl configure
WARN: HHH10001002: Using built-in connection pool (not intended for production use)
Aug 06, 2026 8:52:11 PM org.hibernate.engine.jdbc.connections.internal.DriverManagerConnectionProviderImpl buildCreator
INFO: HHH10001005: Loaded JDBC driver class: org.postgresql.Driver
Aug 06, 2026 8:52:11 PM org.hibernate.engine.jdbc.connections.internal.DriverManagerConnectionProviderImpl buildCreator
INFO: HHH10001012: Connecting with JDBC URL [jdbc:postgresql://localhost:5432/auca_library_db]
Aug 06, 2026 8:52:11 PM org.hibernate.engine.jdbc.connections.internal.DriverManagerConnectionProviderImpl buildCreator
INFO: HHH10001001: Connection properties: {user=postgres, password=****}
Aug 06, 2026 8:52:11 PM org.hibernate.engine.jdbc.connections.internal.DriverManagerConnectionProviderImpl buildCreator
INFO: HHH10001003: Autocommit mode: false
Aug 06, 2026 8:52:11 PM org.hibernate.engine.jdbc.connections.internal.DriverManagerConnectionProviderImpl$PooledConnections <init>
INFO: HHH10001115: Connection pool size: 20 (min=1)
Aug 06, 2026 8:52:11 PM org.hibernate.engine.jdbc.dialect.internal.DialectFactoryImpl constructDialect
WARN: HHH90000025: PostgreSQLDialect does not need to be specified explicitly using 'hibernate.dialect' (remove the property setting and it will be selected by default)
Aug 06, 2026 8:52:12 PM org.hibernate.engine.transaction.jta.platform.internal.JtaPlatformInitiator initiateService
INFO: HHH000489: No JTA platform available (set 'hibernate.transaction.jta.platform' to enable JTA platform integration)
Aug 06, 2026 8:52:12 PM org.hibernate.resource.transaction.backend.jdbc.internal.DdlTransactionIsolatorNonJtaImpl getIsolatedConnection
INFO: HHH10001501: Connection obtained from JdbcConnectionAccess [org.hibernate.engine.jdbc.env.internal.JdbcEnvironmentInitiator$ConnectionProviderJdbcConnectionAccess@46c10083] for (non-JTA) DDL execution was not in auto-commit mode; the Connection 'local transaction' will be committed and the Connection will be set into auto-commit mode.
Aug 06, 2026 8:52:12 PM org.hibernate.resource.transaction.backend.jdbc.internal.DdlTransactionIsolatorNonJtaImpl getIsolatedConnection
INFO: HHH10001501: Connection obtained from JdbcConnectionAccess [org.hibernate.engine.jdbc.env.internal.JdbcEnvironmentInitiator$ConnectionProviderJdbcConnectionAccess@27b337bb] for (non-JTA) DDL execution was not in auto-commit mode; the Connection 'local transaction' will be committed and the Connection will be set into auto-commit mode.
]]></system-err>
  </testcase>
  <testcase name="createProvince_withNoParent_succeeds" classname="com.auca.library.service.LocationServiceTest" time="0.057">
    <system-out><![CDATA[Hibernate: 
    select
        l1_0.id,
        l1_0.location_code,
        l1_0.name,
        l1_0.parent_id,
        l1_0.type 
    from
        locations l1_0 
    where
        l1_0.location_code=?
Hibernate: 
    insert 
    into
        locations
        (location_code, name, parent_id, type, id) 
    values
        (?, ?, ?, ?, ?)
]]></system-out>
  </testcase>
  <testcase name="createLocation_duplicateLocationCode_throwsException" classname="com.auca.library.service.LocationServiceTest" time="0.014">
    <system-out><![CDATA[Hibernate: 
    select
        l1_0.id,
        l1_0.location_code,
        l1_0.name,
        l1_0.parent_id,
        l1_0.type 
    from
        locations l1_0 
    where
        l1_0.location_code=?
Hibernate: 
    insert 
    into
        locations
        (location_code, name, parent_id, type, id) 
    values
        (?, ?, ?, ?, ?)
Hibernate: 
    select
        l1_0.id,
        l1_0.location_code,
        l1_0.name,
        l1_0.parent_id,
        l1_0.type 
    from
        locations l1_0 
    where
        l1_0.location_code=?
]]></system-out>
  </testcase>
  <testcase name="createDistrict_withValidProvinceParent_succeeds" classname="com.auca.library.service.LocationServiceTest" time="0.014">
    <system-out><![CDATA[Hibernate: 
    select
        l1_0.id,
        l1_0.location_code,
        l1_0.name,
        l1_0.parent_id,
        l1_0.type 
    from
        locations l1_0 
    where
        l1_0.location_code=?
Hibernate: 
    insert 
    into
        locations
        (location_code, name, parent_id, type, id) 
    values
        (?, ?, ?, ?, ?)
Hibernate: 
    select
        l1_0.id,
        l1_0.location_code,
        l1_0.name,
        l1_0.parent_id,
        l1_0.type 
    from
        locations l1_0 
    where
        l1_0.location_code=?
Hibernate: 
    select
        l1_0.id,
        l1_0.location_code,
        l1_0.name,
        p1_0.id,
        p1_0.location_code,
        p1_0.name,
        p1_0.parent_id,
        p1_0.type,
        l1_0.type 
    from
        locations l1_0 
    left join
        locations p1_0 
            on p1_0.id=l1_0.parent_id 
    where
        l1_0.id=?
Hibernate: 
    insert 
    into
        locations
        (location_code, name, parent_id, type, id) 
    values
        (?, ?, ?, ?, ?)
]]></system-out>
  </testcase>
  <testcase name="validVillageId_returnsCorrectProvinceName" classname="com.auca.library.service.LocationServiceTest" time="0.041">
    <system-out><![CDATA[Hibernate: 
    select
        l1_0.id,
        l1_0.location_code,
        l1_0.name,
        l1_0.parent_id,
        l1_0.type 
    from
        locations l1_0 
    where
        l1_0.location_code=?
Hibernate: 
    insert 
    into
        locations
        (location_code, name, parent_id, type, id) 
    values
        (?, ?, ?, ?, ?)
Hibernate: 
    select
        l1_0.id,
        l1_0.location_code,
        l1_0.name,
        l1_0.parent_id,
        l1_0.type 
    from
        locations l1_0 
    where
        l1_0.location_code=?
Hibernate: 
    select
        l1_0.id,
        l1_0.location_code,
        l1_0.name,
        p1_0.id,
        p1_0.location_code,
        p1_0.name,
        p1_0.parent_id,
        p1_0.type,
        l1_0.type 
    from
        locations l1_0 
    left join
        locations p1_0 
            on p1_0.id=l1_0.parent_id 
    where
        l1_0.id=?
Hibernate: 
    insert 
    into
        locations
        (location_code, name, parent_id, type, id) 
    values
        (?, ?, ?, ?, ?)
Hibernate: 
    select
        l1_0.id,
        l1_0.location_code,
        l1_0.name,
        l1_0.parent_id,
        l1_0.type 
    from
        locations l1_0 
    where
        l1_0.location_code=?
Hibernate: 
    select
        l1_0.id,
        l1_0.location_code,
        l1_0.name,
        p1_0.id,
        p1_0.location_code,
        p1_0.name,
        p1_0.parent_id,
        p1_0.type,
        l1_0.type 
    from
        locations l1_0 
    left join
        locations p1_0 
            on p1_0.id=l1_0.parent_id 
    where
        l1_0.id=?
Hibernate: 
    insert 
    into
        locations
        (location_code, name, parent_id, type, id) 
    values
        (?, ?, ?, ?, ?)
Hibernate: 
    select
        l1_0.id,
        l1_0.location_code,
        l1_0.name,
        l1_0.parent_id,
        l1_0.type 
    from
        locations l1_0 
    where
        l1_0.location_code=?
Hibernate: 
    select
        l1_0.id,
        l1_0.location_code,
        l1_0.name,
        p1_0.id,
        p1_0.location_code,
        p1_0.name,
        p1_0.parent_id,
        p1_0.type,
        l1_0.type 
    from
        locations l1_0 
    left join
        locations p1_0 
            on p1_0.id=l1_0.parent_id 
    where
        l1_0.id=?
Hibernate: 
    select
        l1_0.id,
        l1_0.location_code,
        l1_0.name,
        p1_0.id,
        p1_0.location_code,
        p1_0.name,
        p1_0.parent_id,
        p1_0.type,
        l1_0.type 
    from
        locations l1_0 
    left join
        locations p1_0 
            on p1_0.id=l1_0.parent_id 
    where
        l1_0.id=?
Hibernate: 
    insert 
    into
        locations
        (location_code, name, parent_id, type, id) 
    values
        (?, ?, ?, ?, ?)
Hibernate: 
    select
        l1_0.id,
        l1_0.location_code,
        l1_0.name,
        l1_0.parent_id,
        l1_0.type 
    from
        locations l1_0 
    where
        l1_0.location_code=?
Hibernate: 
    select
        l1_0.id,
        l1_0.location_code,
        l1_0.name,
        p1_0.id,
        p1_0.location_code,
        p1_0.name,
        p1_0.parent_id,
        p1_0.type,
        l1_0.type 
    from
        locations l1_0 
    left join
        locations p1_0 
            on p1_0.id=l1_0.parent_id 
    where
        l1_0.id=?
Hibernate: 
    select
        l1_0.id,
        l1_0.location_code,
        l1_0.name,
        p1_0.id,
        p1_0.location_code,
        p1_0.name,
        p1_0.parent_id,
        p1_0.type,
        l1_0.type 
    from
        locations l1_0 
    left join
        locations p1_0 
            on p1_0.id=l1_0.parent_id 
    where
        l1_0.id=?
Hibernate: 
    insert 
    into
        locations
        (location_code, name, parent_id, type, id) 
    values
        (?, ?, ?, ?, ?)
Hibernate: 
    select
        l1_0.id,
        l1_0.location_code,
        l1_0.name,
        p1_0.id,
        p1_0.location_code,
        p1_0.name,
        p1_0.parent_id,
        p1_0.type,
        l1_0.type 
    from
        locations l1_0 
    left join
        locations p1_0 
            on p1_0.id=l1_0.parent_id 
    where
        l1_0.id=?
Hibernate: 
    select
        l1_0.id,
        l1_0.location_code,
        l1_0.name,
        p1_0.id,
        p1_0.location_code,
        p1_0.name,
        p1_0.parent_id,
        p1_0.type,
        l1_0.type 
    from
        locations l1_0 
    left join
        locations p1_0 
            on p1_0.id=l1_0.parent_id 
    where
        l1_0.id=?
Hibernate: 
    select
        l1_0.id,
        l1_0.location_code,
        l1_0.name,
        p1_0.id,
        p1_0.location_code,
        p1_0.name,
        p1_0.parent_id,
        p1_0.type,
        l1_0.type 
    from
        locations l1_0 
    left join
        locations p1_0 
            on p1_0.id=l1_0.parent_id 
    where
        l1_0.id=?
]]></system-out>
  </testcase>
</testsuite>